<?xml version="1.0" encoding="UTF-8" ?>
<testsuite tests="4" failures="0" name="za.co.simplitate.junit5.GreetingImplTest" time="0.029" errors="0" skipped="0">
  <properties>
    <property name="java.runtime.name" value="OpenJDK Runtime Environment"/>
    <property name="sun.boot.library.path" value="/usr/lib/jvm/java-1.8.0-amazon-corretto/jre/lib/amd64"/>
    <property name="java.vm.version" value="25.232-b09"/>
    <property name="java.vm.vendor" value="Amazon.com Inc."/>
    <property name="maven.multiModuleProjectDirectory" value="/home/zwakele/eclipse-workspace/hellojunit5"/>
    <property name="java.vendor.url" value="https://aws.amazon.com/corretto/"/>
    <property name="path.separator" value=":"/>
    <property name="guice.disable.misplaced.annotation.check" value="true"/>
    <property name="java.vm.name" value="OpenJDK 64-Bit Server VM"/>
    <property name="file.encoding.pkg" value="sun.io"/>
    <property name="user.country" value="ZA"/>
    <property name="sun.java.launcher" value="SUN_STANDARD"/>
    <property name="sun.os.patch.level" value="unknown"/>
    <property name="java.vm.specification.name" value="Java Virtual Machine Specification"/>
    <property name="user.dir" value="/home/zwakele/eclipse-workspace/hellojunit5"/>
    <property name="java.runtime.version" value="1.8.0_232-b09"/>
    <property name="java.awt.graphicsenv" value="sun.awt.X11GraphicsEnvironment"/>
    <property name="java.endorsed.dirs" value="/usr/lib/jvm/java-1.8.0-amazon-corretto/jre/lib/endorsed"/>
    <property name="os.arch" value="amd64"/>
    <property name="java.io.tmpdir" value="/tmp"/>
    <property name="line.separator" value="
"/>
    <property name="java.vm.specification.vendor" value="Oracle Corporation"/>
    <property name="os.name" value="Linux"/>
    <property name="classworlds.conf" value="/home/zwakele/eclipse-workspace/.metadata/.plugins/org.eclipse.m2e.launching/launches/m2conf2182933825436922915.tmp"/>
    <property name="sun.jnu.encoding" value="UTF-8"/>
    <property name="java.library.path" value="/usr/java/packages/lib/amd64:/usr/lib64:/lib64:/lib:/usr/lib"/>
    <property name="java.specification.name" value="Java Platform API Specification"/>
    <property name="java.class.version" value="52.0"/>
    <property name="sun.management.compiler" value="HotSpot 64-Bit Tiered Compilers"/>
    <property name="os.version" value="5.0.0-32-generic"/>
    <property name="user.home" value="/home/zwakele"/>
    <property name="user.timezone" value="Africa/Johannesburg"/>
    <property name="java.awt.printerjob" value="sun.print.PSPrinterJob"/>
    <property name="file.encoding" value="UTF-8"/>
    <property name="java.specification.version" value="1.8"/>
    <property name="user.name" value="zwakele"/>
    <property name="java.class.path" value="/home/zwakele/.p2/pool/plugins/org.eclipse.m2e.maven.runtime_1.13.0.20190716-1623/jars/plexus-classworlds-2.6.0.jar"/>
    <property name="java.vm.specification.version" value="1.8"/>
    <property name="sun.arch.data.model" value="64"/>
    <property name="java.home" value="/usr/lib/jvm/java-1.8.0-amazon-corretto/jre"/>
    <property name="sun.java.command" value="org.codehaus.plexus.classworlds.launcher.Launcher -B install"/>
    <property name="java.specification.vendor" value="Oracle Corporation"/>
    <property name="user.language" value="en"/>
    <property name="awt.toolkit" value="sun.awt.X11.XToolkit"/>
    <property name="java.vm.info" value="mixed mode"/>
    <property name="java.version" value="1.8.0_232"/>
    <property name="java.ext.dirs" value="/usr/lib/jvm/java-1.8.0-amazon-corretto/jre/lib/ext:/usr/java/packages/lib/ext"/>
    <property name="securerandom.source" value="file:/dev/./urandom"/>
    <property name="sun.boot.class.path" value="/usr/lib/jvm/java-1.8.0-amazon-corretto/jre/lib/resources.jar:/usr/lib/jvm/java-1.8.0-amazon-corretto/jre/lib/rt.jar:/usr/lib/jvm/java-1.8.0-amazon-corretto/jre/lib/sunrsasign.jar:/usr/lib/jvm/java-1.8.0-amazon-corretto/jre/lib/jsse.jar:/usr/lib/jvm/java-1.8.0-amazon-corretto/jre/lib/jce.jar:/usr/lib/jvm/java-1.8.0-amazon-corretto/jre/lib/charsets.jar:/usr/lib/jvm/java-1.8.0-amazon-corretto/jre/lib/jfr.jar:/usr/lib/jvm/java-1.8.0-amazon-corretto/jre/classes"/>
    <property name="java.vendor" value="Amazon.com Inc."/>
    <property name="maven.home" value="/home/zwakele/eclipse-workspace/hellojunit5/EMBEDDED"/>
    <property name="file.separator" value="/"/>
    <property name="java.vendor.url.bug" value="https://github.com/corretto/corretto-8/issues/"/>
    <property name="sun.cpu.endian" value="little"/>
    <property name="sun.io.unicode.encoding" value="UnicodeLittle"/>
    <property name="sun.desktop" value="gnome"/>
    <property name="sun.cpu.isalist" value=""/>
  </properties>
  <testcase classname="GreetingImplTest" name="whenNameIsBlank_thenGreetShouldThrowException()" time="0.023"/>
  <testcase classname="GreetingImplTest" name="whenNameIsNull_thenGreetShouldThrowException()" time="0.002"/>
  <testcase classname="GreetingImplTest" name="greetShouldReturnValidOutput()" time="0.003"/>
  <testcase classname="JUnit Vintage" name="JUnit Vintage" time="0.001"/>
</testsuite>